# context-switch
micro benchmark  
results for version of kai  
size		            average	     	cs cost  
0	    time1	    4.136666667  
	    time2	    6.35	      	    2.213333333[direct cost]  
16		          9.573333333  	
    		        11.24666667	      1.673333333  
32		          14.92	  
    		        16.19	      	    1.27  
64		          23.30333333  	
    		        25.75666667	      2.453333333  
128		          41.99333333  	
      		      46.45333333	      4.46  
256		          82.272  	
      		      87.3	            5.028  
512		          161.2866667  	
      		      164.6566667	      3.37  
1024		        314.94  	
      		      317.735	    	    2.795  
2048		        619.84  	
      		      623.03		        3.19  
results for version of hang
size		average	     cs cost
0 	    32.554	
	      55.582	    2.3028
16	    33.682	
	      50.064	    2.730333333
32	    31.936	
	      44.304	    3.092
64	    37.58	
	      50.006	    4.142
128	    43.568	
	      54.81	      5.621
256	    81.36	
	      98.26	      8.45
512	    77.946	
	      93.162	    15.216
1024    151.3966667	
	      178.8466667	27.45
2048	  59.94666667	
        69.70333333	48.78333333
45MB    140.095	
        159.44	    967.25
